<?xml version="1.0" encoding="UTF-8"?>
<!-- Generated by org.testng.reporters.JUnitXMLReporter -->
<testsuite hostname="LAPTOP-IAQHS7UT" ignored="0" name="Command line test" tests="3" failures="0" timestamp="19 Mar 2022 14:11:07 GMT" time="27.054" errors="0">
  <testcase name="validUserShouldBeAbleToFindCustomer" time="5.881" classname="test.ListCustomerTest"/>
  <testcase name="validUserShouldBeAbleToLogin" time="9.612" classname="test.LoginTest"/>
  <testcase name="validUserShouldBeAbleToCreateCustomer" time="11.529" classname="test.AddCustomerTest"/>
</testsuite> <!-- Command line test -->
