<?xml version="1.0" encoding="UTF-8"?>
<testng-results skipped="0" failed="0" ignored="0" total="1" passed="1">
  <reporter-output>
  </reporter-output>
  <suite name="Default suite" duration-ms="8932" started-at="2022-04-19T10:32:12 PDT" finished-at="2022-04-19T10:32:21 PDT">
    <groups>
    </groups>
    <test name="Default test" duration-ms="8932" started-at="2022-04-19T10:32:12 PDT" finished-at="2022-04-19T10:32:21 PDT">
      <class name="test.AddCustomerTest">
        <test-method status="PASS" signature="validUserShouldBeAbleToCreateCustomer()[pri:2, instance:test.AddCustomerTest@1d29cf23]" name="validUserShouldBeAbleToCreateCustomer" duration-ms="8902" started-at="2022-04-19T10:32:12 PDT" finished-at="2022-04-19T10:32:21 PDT">
          <reporter-output>
          </reporter-output>
        </test-method> <!-- validUserShouldBeAbleToCreateCustomer -->
      </class> <!-- test.AddCustomerTest -->
    </test> <!-- Default test -->
  </suite> <!-- Default suite -->
</testng-results>
